{"C:\\Users\\Admin\\Desktop\\test_demo\\src\\main.js": {"path":"C:\\Users\\Admin\\Desktop\\test_demo\\src\\main.js","statementMap":{"0":{"start":{"line":2,"column":1},"end":{"line":4,"column":2}},"1":{"start":{"line":3,"column":2},"end":{"line":3,"column":34}},"2":{"start":{"line":6,"column":1},"end":{"line":6,"column":22}},"3":{"start":{"line":6,"column":12},"end":{"line":6,"column":22}},"4":{"start":{"line":7,"column":1},"end":{"line":7,"column":10}},"5":{"start":{"line":10,"column":0},"end":{"line":12,"column":2}}},"fnMap":{"0":{"name":"abs","decl":{"start":{"line":1,"column":9},"end":{"line":1,"column":12}},"loc":{"start":{"line":1,"column":16},"end":{"line":8,"column":1}},"line":1}},"branchMap":{"0":{"loc":{"start":{"line":2,"column":1},"end":{"line":4,"column":2}},"type":"if","locations":[{"start":{"line":2,"column":1},"end":{"line":4,"column":2}},{"start":{},"end":{}}],"line":2},"1":{"loc":{"start":{"line":6,"column":1},"end":{"line":6,"column":22}},"type":"if","locations":[{"start":{"line":6,"column":1},"end":{"line":6,"column":22}},{"start":{},"end":{}}],"line":6}},"s":{"0":3,"1":0,"2":3,"3":1,"4":2,"5":1},"f":{"0":3},"b":{"0":[0,3],"1":[1,2]},"_coverageSchema":"1a1c01bbd47fc00a2c39e90264f33305004495a9","hash":"cffc6516a754df7446f96d246f0a6c91c073d7e1"}
}
